<?xml version="1.0" encoding="UTF-8"?>
<testng-results skipped="0" failed="0" ignored="0" total="1" passed="1">
  <reporter-output>
  </reporter-output>
  <suite name="Suite1" duration-ms="19311" started-at="2020-06-11T17:22:56Z" finished-at="2020-06-11T17:23:16Z">
    <groups>
    </groups>
    <test name="First Test" duration-ms="19311" started-at="2020-06-11T17:22:56Z" finished-at="2020-06-11T17:23:16Z">
      <class name="E2ETestProject.MavenTestng.SanityTest">
        <test-method status="PASS" signature="openUrl()[pri:0, instance:E2ETestProject.MavenTestng.SanityTest@6a5fc7f7]" name="openUrl" duration-ms="19288" started-at="2020-06-11T17:22:56Z" finished-at="2020-06-11T17:23:16Z">
          <reporter-output>
          </reporter-output>
        </test-method> <!-- openUrl -->
      </class> <!-- E2ETestProject.MavenTestng.SanityTest -->
    </test> <!-- First Test -->
  </suite> <!-- Suite1 -->
</testng-results>
